<?xml version="1.0" encoding="UTF-8"?>
<!-- Generated by org.testng.reporters.JUnitReportReporter -->
<testsuite hostname="ASPUN-WD-VW316" name="Tests.WinAutoIt" tests="1" failures="0" timestamp="15 Jan 2018 05:37:30 GMT" time="40.215" errors="0">
  <testcase name="f" time="40.215" classname="Tests.WinAutoIt"/>
</testsuite> <!-- Tests.WinAutoIt -->
