<?xml version="1.0" encoding="UTF-8"?>
<!-- Generated by org.testng.reporters.JUnitReportReporter -->
<testsuite hostname="ASPUN-WD-VW316" name="Tests.Test1" tests="1" failures="0" timestamp="8 Jan 2018 08:37:48 GMT" time="9.627" errors="0">
  <testcase name="f" time="9.627" classname="Tests.Test1"/>
</testsuite> <!-- Tests.Test1 -->
