<?xml version="1.0" encoding="UTF-8"?>
<!-- Generated by org.testng.reporters.JUnitReportReporter -->
<testsuite hostname="ASPUN-WD-VW316" name="Tests.AlertTest" tests="1" failures="0" timestamp="15 Jan 2018 05:15:08 GMT" time="6.992" errors="0">
  <testcase name="f" time="6.992" classname="Tests.AlertTest"/>
</testsuite> <!-- Tests.AlertTest -->
