<?xml version="1.0" encoding="UTF-8"?>
<!-- Generated by org.testng.reporters.JUnitReportReporter -->
<testsuite hostname="ASPUN-WD-VW316" name="Tests.Frame" tests="1" failures="0" timestamp="11 Jan 2018 05:36:32 GMT" time="6.768" errors="0">
  <testcase name="f" time="6.768" classname="Tests.Frame"/>
</testsuite> <!-- Tests.Frame -->
