<?xml version="1.0" encoding="UTF-8"?>
<!-- Generated by org.testng.reporters.JUnitReportReporter -->
<testsuite hostname="ASPUN-WD-VW316" name="Tests.WHandlers" tests="1" failures="0" timestamp="15 Jan 2018 05:06:01 GMT" time="80.560" errors="0">
  <testcase name="f" time="80.560" classname="Tests.WHandlers"/>
</testsuite> <!-- Tests.WHandlers -->
