<?xml version="1.0" encoding="UTF-8"?>
<!-- Generated by org.testng.reporters.JUnitReportReporter -->
<testsuite hostname="ASPUN-WD-VW316" name="Tests.DnD" tests="1" failures="0" timestamp="11 Jan 2018 04:17:36 GMT" time="39.774" errors="0">
  <testcase name="f" time="39.774" classname="Tests.DnD"/>
</testsuite> <!-- Tests.DnD -->
