<?xml version="1.0" encoding="UTF-8"?>
<!-- Generated by org.testng.reporters.JUnitReportReporter -->
<testsuite hostname="ASPUN-WD-VW316" name="Tests.BrowserTest" tests="2" failures="0" timestamp="10 Jan 2018 05:38:42 GMT" time="48.785" errors="0">
  <testcase name="BookingPageTest" time="29.095" classname="Tests.BrowserTest"/>
  <testcase name="HomePageTest" time="19.690" classname="Tests.BrowserTest"/>
</testsuite> <!-- Tests.BrowserTest -->
